0 0
1 6.5696e-07
2 2.45762e-06
3 4.73739e-06
4 7.45015e-06
5 1.05617e-05
6 1.40333e-05
7 1.78271e-05
8 2.19229e-05
9 2.6283e-05
10 3.08857e-05
11 3.57142e-05
12 4.07423e-05
13 4.59555e-05
14 5.13454e-05
15 5.68763e-05
16 6.25559e-05
17 6.83528e-05
18 7.42722e-05
19 8.02907e-05
20 8.6397e-05
21 9.25941e-05
22 9.88689e-05
23 0.000105208
24 0.000111612
25 0.000118083
26 0.000124605
27 0.000131179
28 0.000137789
29 0.000144435
30 0.000151117
31 0.000157835
32 0.000164573
33 0.000171329
34 0.000178123
35 0.000184936
36 0.000191749
37 0.000198582
38 0.000205434
39 0.000212286
40 0.000219158
41 0.00022603
42 0.000232922
43 0.000239814
44 0.000246706
45 0.000253598
46 0.00026049
47 0.000267382
48 0.000274274
49 0.000281166
50 0.000288058
51 0.00029495
52 0.000301822
53 0.000308693
54 0.000315544
55 0.000322395
56 0.000329246
57 0.000336096
58 0.000342906
59 0.000349715
60 0.000356483
61 0.000363252
62 0.000369999
63 0.000376727
64 0.000383433
65 0.00039012
66 0.000396766
67 0.000403412
68 0.000410018
69 0.000416624
70 0.00042319
71 0.000429737
72 0.000436244
73 0.00044275
74 0.000449199
75 0.000455647
76 0.000462056
77 0.000468466
78 0.000474818
79 0.000481189
80 0.000487502
81 0.000493816
82 0.000500111
83 0.000506406
84 0.000512682
85 0.000518939
86 0.000525196
87 0.000531415
88 0.000537634
89 0.000543835
90 0.000550035
91 0.000556217
92 0.000561789
93 0.000566785
94 0.000571352
95 0.000575256
96 0.000578835
97 0.000582204
98 0.000585052
99 0.000587461
100 0.00058964
101 0.000591659
102 0.000593555
103 0.000595355
104 0.000597119
105 0.000598847
106 0.000600565
107 0.000602285
108 0.000604009
109 0.000605743
110 0.000607491
111 0.000609258
112 0.000611049
113 0.000612865
114 0.000614706
115 0.000616578
116 0.000618488
117 0.00062044
118 0.000622432
119 0.000624467
120 0.000626546
121 0.000628662
122 0.000630815
123 0.000633012
124 0.000635251
125 0.000637524
126 0.000639834
127 0.00064219
128 0.000644577
129 0.000646996
130 0.00064945
131 0.000651934
132 0.000654441
133 0.000656978
134 0.000659542
135 0.000662126
136 0.000664735
137 0.000667365
138 0.000670013
139 0.00067268
140 0.000675365
141 0.000678066
142 0.000680778
143 0.000683509
144 0.000686248
145 0.000688999
146 0.000691759
147 0.000694526
148 0.000697297
149 0.000700072
150 0.000702847
151 0.000705594
152 0.000708341
153 0.000711068
154 0.000713752
155 0.000716421
156 0.00071909
157 0.000721752
158 0.000724375
159 0.000726996
160 0.00072962
161 0.000732218
162 0.000734809
163 0.0007374
164 0.000739995
165 0.000742593
166 0.000745191
167 0.000747793
168 0.000750403
169 0.000753031
170 0.000755681
171 0.000758348
172 0.000761022
173 0.000763631
174 0.000766192
175 0.000768754
176 0.000771319
177 0.000773838
178 0.000776336
179 0.000778838
180 0.000781339
181 0.000783834
182 0.000786342
183 0.000788862
184 0.000791388
185 0.000793921
186 0.000796461
187 0.000799005
188 0.000801553
189 0.000804101
190 0.000806656
191 0.000809211
192 0.000811755
193 0.000814302
194 0.000816853
195 0.000819405
196 0.000821956
197 0.000824511
198 0.000827077
199 0.000829651
200 0.000832232
201 0.000834828
202 0.000837444
203 0.000840076
204 0.000842723
205 0.000845378
206 0.000848038
207 0.00085071
208 0.000853389
209 0.000856074
210 0.00085877
211 0.000861484
212 0.00086421
213 0.000866936
214 0.000869667
215 0.000872262
216 0.000874807
217 0.000877355
218 0.000879848
219 0.000882302
220 0.000884759
221 0.00088722
222 0.000889684
223 0.000892152
224 0.000894634
225 0.000897123
226 0.000899613
227 0.000902102
228 0.000904531
229 0.000906898
230 0.000909269
231 0.000911639
232 0.000913984
233 0.000916331
234 0.000918678
235 0.000921032
236 0.000923393
237 0.00092576
238 0.000928138
239 0.000930536
240 0.000932948
241 0.000935374
242 0.0009378
243 0.000940226
244 0.000942663
245 0.000945111
246 0.000947566
247 0.000950032
248 0.000952506
249 0.00095499
250 0.00095749
251 0.000960014
252 0.000962552
253 0.000965115
254 0.000967699
255 0.00097029
256 0.000972882
257 0.000975482
258 0.00097809
259 0.000980702
260 0.00098329
261 0.000985877
262 0.000988468
263 0.000991073
264 0.000993694
265 0.000996332
266 0.000998993
267 0.00100168
268 0.00100438
269 0.00100712
270 0.00100987
271 0.00101266
272 0.00101546
273 0.00101829
274 0.00102114
275 0.001024
276 0.00102688
277 0.00102976
278 0.00103264
279 0.00103554
280 0.00103844
281 0.00104134
282 0.00104425
283 0.00104715
284 0.00105006
285 0.00105294
286 0.00105581
287 0.00105862
288 0.00106141
289 0.0010642
290 0.00106697
291 0.00106967
292 0.00107228
293 0.00107488
294 0.00107748
295 0.00108009
296 0.0010827
297 0.00108522
298 0.0010877
299 0.00109019
300 0.00109268
301 0.00109517
302 0.00109759
303 0.00109996
304 0.00110232
305 0.00110469
306 0.00110706
307 0.0011094
308 0.00111174
309 0.00111406
310 0.00111635
311 0.00111863
312 0.0011209
313 0.00112313
314 0.00112533
315 0.00112752
316 0.00112973
317 0.00113194
318 0.00113415
319 0.00113636
320 0.0011385
321 0.0011406
322 0.0011427
323 0.00114481
324 0.00114692
325 0.00114905
326 0.00115117
327 0.0011533
328 0.00115543
329 0.00115753
330 0.0011596
331 0.00116167
332 0.00116375
333 0.0011658
334 0.00116781
335 0.00116983
336 0.00117185
337 0.00117387
338 0.00117589
339 0.00117792
340 0.00117996
341 0.001182
342 0.00118404
343 0.00118608
344 0.00118812
345 0.00119016
346 0.00119221
347 0.00119426
348 0.0011963
349 0.00119834
350 0.00120037
351 0.00120241
352 0.00120444
353 0.00120649
354 0.00120853
355 0.00121059
356 0.00121265
357 0.00121472
358 0.00121679
359 0.00121887
360 0.00122095
361 0.00122304
362 0.00122514
363 0.00122725
364 0.00122937
365 0.00123149
366 0.00123363
367 0.00123578
368 0.00123793
369 0.00124009
370 0.00124227
371 0.00124446
372 0.00124666
373 0.00124888
374 0.00125112
375 0.00125337
376 0.00125564
377 0.00125792
378 0.00126023
379 0.00126255
380 0.00126488
381 0.00126724
382 0.00126962
383 0.00127202
384 0.00127444
385 0.00127688
386 0.00127935
387 0.00128183
388 0.00128434
389 0.00128687
390 0.00128942
391 0.00129199
392 0.00129458
393 0.00129719
394 0.00129984
395 0.0013025
396 0.0013052
397 0.00130791
398 0.00131065
399 0.00131341
400 0.00131619
401 0.00131898
402 0.00132178
403 0.0013246
404 0.00132743
405 0.00133028
406 0.00133313
407 0.00133598
408 0.00133884
409 0.0013417
410 0.00134457
411 0.00134744
412 0.00135031
413 0.00135319
414 0.00135607
415 0.00135896
416 0.00136184
417 0.00136473
418 0.0013676
419 0.00137048
420 0.00137334
421 0.00137619
422 0.00137901
423 0.00138182
424 0.00138461
425 0.00138739
426 0.00139013
427 0.00139285
428 0.00139557
429 0.00139829
430 0.00140097
431 0.00140364
432 0.00140632
433 0.00140898
434 0.00141162
435 0.00141425
436 0.00141688
437 0.00141951
438 0.00142212
439 0.00142472
440 0.00142733
441 0.00142992
442 0.0014325
443 0.00143508
444 0.00143766
445 0.00144022
446 0.00144276
447 0.00144531
448 0.00144786
449 0.0014504
450 0.00145293
451 0.00145545
452 0.00145798
453 0.00146049
454 0.001463
455 0.00146549
456 0.00146799
457 0.00147049
458 0.00147296
459 0.00147543
460 0.00147791
461 0.00148037
462 0.00148282
463 0.00148528
464 0.00148773
465 0.00149016
466 0.00149259
467 0.00149502
468 0.00149743
469 0.00149982
470 0.00150219
471 0.00150455
472 0.0015069
473 0.00150922
474 0.00151154
475 0.00151386
476 0.00151614
477 0.00151843
478 0.00152071
479 0.00152298
480 0.00152523
481 0.00152748
482 0.00152973
483 0.00153195
484 0.00153415
485 0.00153637
486 0.00153857
487 0.00154074
488 0.00154292
489 0.00154509
490 0.00154724
491 0.00154938
492 0.00155151
493 0.00155365
494 0.00155576
495 0.00155786
496 0.00155997
497 0.00156204
498 0.00156409
499 0.00156614
500 0.00156818
501 0.00157019
502 0.0015722
503 0.0015742
504 0.00157618
505 0.00157814
506 0.00158011
507 0.00158205
508 0.00158399
509 0.00158592
510 0.00158781
511 0.0015897
512 0.00159159
513 0.00159347
514 0.00159533
515 0.00159717
516 0.00159902
517 0.00160087
518 0.00160269
519 0.0016045
520 0.00160631
521 0.00160812
522 0.00160989
523 0.00161166
524 0.00161342
525 0.00161518
526 0.00161691
527 0.00161864
528 0.00162037
529 0.0016221
530 0.00162381
531 0.00162551
532 0.00162722
533 0.00162893
534 0.00163064
535 0.00163235
536 0.00163406
537 0.00163577
538 0.00163746
539 0.00163915
540 0.00164084
541 0.00164253
542 0.00164422
543 0.00164589
544 0.00164757
545 0.0016492
546 0.00165084
547 0.00165247
548 0.00165406
549 0.00165564
550 0.00165721
551 0.00165879
552 0.00166033
553 0.00166187
554 0.00166341
555 0.00166493
556 0.00166646
557 0.00166798
558 0.00166948
559 0.00167096
560 0.00167244
561 0.00167393
562 0.0016754
563 0.00167686
564 0.00167831
565 0.00167977
566 0.00168124
567 0.00168268
568 0.00168413
569 0.00168558
570 0.00168704
571 0.00168846
572 0.00168988
573 0.00169131
574 0.00169273
575 0.00169414
576 0.00169554
577 0.00169694
578 0.00169835
579 0.00169974
580 0.00170112
581 0.00170251
582 0.0017039
583 0.00170529
584 0.00170668
585 0.00170807
586 0.00170947
587 0.00171086
588 0.00171227
589 0.00171366
590 0.00171505
591 0.00171642
592 0.00171774
593 0.00171907
594 0.00172039
595 0.00172173
596 0.00172307
